2025-07-13 19:35:23,267 - INFO - 加载了 119 条频繁路线
2025-07-13 19:35:23,271 - INFO - 总共有 134 个唯一站点
2025-07-13 19:35:23,748 - INFO - 从文件加载了 11490 个站点坐标
2025-07-13 19:35:23,749 - INFO - 需要地理编码 100 个站点
2025-07-13 19:36:20,555 - INFO - 处理进度: 0/119 (0.0%)
2025-07-13 19:36:20,574 - WARNING - API状态: REQUEST_DENIED, 错误: You’re calling a legacy API, which is not enabled for your project. To get newer features and more functionality, switch to the Places API (New) or Routes API. Learn more: https://developers.google.com/maps/legacy#LegacyApiNotActivatedMapError
2025-07-13 19:36:21,593 - WARNING - API状态: REQUEST_DENIED, 错误: You’re calling a legacy API, which is not enabled for your project. To get newer features and more functionality, switch to the Places API (New) or Routes API. Learn more: https://developers.google.com/maps/legacy#LegacyApiNotActivatedMapError
2025-07-13 19:36:23,619 - WARNING - API状态: REQUEST_DENIED, 错误: You’re calling a legacy API, which is not enabled for your project. To get newer features and more functionality, switch to the Places API (New) or Routes API. Learn more: https://developers.google.com/maps/legacy#LegacyApiNotActivatedMapError
2025-07-13 19:36:23,640 - WARNING - API状态: REQUEST_DENIED, 错误: You’re calling a legacy API, which is not enabled for your project. To get newer features and more functionality, switch to the Places API (New) or Routes API. Learn more: https://developers.google.com/maps/legacy#LegacyApiNotActivatedMapError
2025-07-13 19:36:24,669 - WARNING - API状态: REQUEST_DENIED, 错误: You’re calling a legacy API, which is not enabled for your project. To get newer features and more functionality, switch to the Places API (New) or Routes API. Learn more: https://developers.google.com/maps/legacy#LegacyApiNotActivatedMapError
2025-07-13 19:36:26,691 - WARNING - API状态: REQUEST_DENIED, 错误: You’re calling a legacy API, which is not enabled for your project. To get newer features and more functionality, switch to the Places API (New) or Routes API. Learn more: https://developers.google.com/maps/legacy#LegacyApiNotActivatedMapError
2025-07-13 19:36:26,793 - WARNING - 跳过路线 Euston NR -> Willesden Junction (缺少坐标)
2025-07-13 19:36:26,794 - WARNING - 跳过路线 Morden -> Balham LU (缺少坐标)
2025-07-13 19:36:26,795 - WARNING - 跳过路线 Tooting Broadway -> Clapham North (缺少坐标)
2025-07-13 19:36:26,795 - WARNING - 跳过路线 Barking -> Elm Park (缺少坐标)
2025-07-13 19:36:26,795 - WARNING - 跳过路线 Romford -> Manor Park (缺少坐标)
2025-07-13 19:36:26,796 - WARNING - 跳过路线 Hammersmith (H&C) -> Ladbroke Grove (缺少坐标)
2025-07-13 19:36:26,796 - WARNING - 跳过路线 Uxbridge -> Eastcote (缺少坐标)
2025-07-13 19:36:26,797 - WARNING - 跳过路线 Stratford -> Seven Kings (缺少坐标)
2025-07-13 19:36:26,797 - WARNING - 跳过路线 Tooting Broadway -> Morden (缺少坐标)
2025-07-13 19:36:26,798 - INFO - 处理进度: 10/119 (8.4%)
2025-07-13 19:36:26,798 - WARNING - 跳过路线 Victoria LU -> Clapham Common (缺少坐标)
2025-07-13 19:36:26,799 - WARNING - 跳过路线 Euston NR -> Maida Vale (缺少坐标)
2025-07-13 19:36:26,799 - WARNING - 跳过路线 London Bridge LU -> Canning Town (缺少坐标)
2025-07-13 19:36:26,800 - WARNING - 跳过路线 Lewisham DLR -> Island Gardens (缺少坐标)
2025-07-13 19:36:26,800 - WARNING - 跳过路线 Paddington TfL -> Southall (缺少坐标)
2025-07-13 19:36:26,801 - WARNING - 跳过路线 Colindale -> Belsize Park (缺少坐标)
2025-07-13 19:36:26,801 - WARNING - 跳过路线 Balham LU -> Morden (缺少坐标)
2025-07-13 19:36:26,833 - WARNING - API状态: REQUEST_DENIED, 错误: You’re calling a legacy API, which is not enabled for your project. To get newer features and more functionality, switch to the Places API (New) or Routes API. Learn more: https://developers.google.com/maps/legacy#LegacyApiNotActivatedMapError
2025-07-13 19:36:27,853 - WARNING - API状态: REQUEST_DENIED, 错误: You’re calling a legacy API, which is not enabled for your project. To get newer features and more functionality, switch to the Places API (New) or Routes API. Learn more: https://developers.google.com/maps/legacy#LegacyApiNotActivatedMapError
2025-07-13 19:36:29,873 - WARNING - API状态: REQUEST_DENIED, 错误: You’re calling a legacy API, which is not enabled for your project. To get newer features and more functionality, switch to the Places API (New) or Routes API. Learn more: https://developers.google.com/maps/legacy#LegacyApiNotActivatedMapError
2025-07-13 19:36:29,906 - WARNING - API状态: REQUEST_DENIED, 错误: You’re calling a legacy API, which is not enabled for your project. To get newer features and more functionality, switch to the Places API (New) or Routes API. Learn more: https://developers.google.com/maps/legacy#LegacyApiNotActivatedMapError
2025-07-13 19:36:30,927 - WARNING - API状态: REQUEST_DENIED, 错误: You’re calling a legacy API, which is not enabled for your project. To get newer features and more functionality, switch to the Places API (New) or Routes API. Learn more: https://developers.google.com/maps/legacy#LegacyApiNotActivatedMapError
2025-07-13 19:36:32,955 - WARNING - API状态: REQUEST_DENIED, 错误: You’re calling a legacy API, which is not enabled for your project. To get newer features and more functionality, switch to the Places API (New) or Routes API. Learn more: https://developers.google.com/maps/legacy#LegacyApiNotActivatedMapError
2025-07-13 19:36:33,076 - WARNING - API状态: REQUEST_DENIED, 错误: You’re calling a legacy API, which is not enabled for your project. To get newer features and more functionality, switch to the Places API (New) or Routes API. Learn more: https://developers.google.com/maps/legacy#LegacyApiNotActivatedMapError
2025-07-13 19:36:34,099 - WARNING - API状态: REQUEST_DENIED, 错误: You’re calling a legacy API, which is not enabled for your project. To get newer features and more functionality, switch to the Places API (New) or Routes API. Learn more: https://developers.google.com/maps/legacy#LegacyApiNotActivatedMapError
2025-07-13 19:36:36,116 - WARNING - API状态: REQUEST_DENIED, 错误: You’re calling a legacy API, which is not enabled for your project. To get newer features and more functionality, switch to the Places API (New) or Routes API. Learn more: https://developers.google.com/maps/legacy#LegacyApiNotActivatedMapError
2025-07-13 19:36:36,136 - WARNING - API状态: REQUEST_DENIED, 错误: You’re calling a legacy API, which is not enabled for your project. To get newer features and more functionality, switch to the Places API (New) or Routes API. Learn more: https://developers.google.com/maps/legacy#LegacyApiNotActivatedMapError
2025-07-13 19:36:37,159 - WARNING - API状态: REQUEST_DENIED, 错误: You’re calling a legacy API, which is not enabled for your project. To get newer features and more functionality, switch to the Places API (New) or Routes API. Learn more: https://developers.google.com/maps/legacy#LegacyApiNotActivatedMapError
2025-07-13 19:36:39,178 - WARNING - API状态: REQUEST_DENIED, 错误: You’re calling a legacy API, which is not enabled for your project. To get newer features and more functionality, switch to the Places API (New) or Routes API. Learn more: https://developers.google.com/maps/legacy#LegacyApiNotActivatedMapError
2025-07-13 19:36:39,279 - WARNING - 跳过路线 Custom House EL -> Abbey Wood (缺少坐标)
2025-07-13 19:36:39,280 - INFO - 处理进度: 20/119 (16.8%)
2025-07-13 19:36:39,281 - WARNING - 跳过路线 Fulham Broadway -> Wimbledon Park (缺少坐标)
2025-07-13 19:36:39,281 - WARNING - 跳过路线 Colliers Wood -> Clapham Common (缺少坐标)
2025-07-13 19:36:39,281 - WARNING - 跳过路线 Clapham Common -> Colliers Wood (缺少坐标)
2025-07-13 19:36:39,281 - WARNING - 跳过路线 Shepherd's Bush LU -> Perivale (缺少坐标)
2025-07-13 19:36:39,283 - WARNING - 跳过路线 London Bridge LU -> Stockwell (缺少坐标)
2025-07-13 19:36:39,283 - WARNING - 跳过路线 Ealing Broadway -> Heathrow Terminals 2 & 3 EL (缺少坐标)
2025-07-13 19:36:39,284 - WARNING - 跳过路线 Stratford -> Woodford (缺少坐标)
2025-07-13 19:36:39,284 - WARNING - 跳过路线 Romford -> Shenfield (缺少坐标)
2025-07-13 19:36:39,285 - WARNING - 跳过路线 King's Cross St. Pancras -> Oxford Circus (缺少坐标)
2025-07-13 19:36:39,285 - WARNING - 跳过路线 Reading -> Slough (缺少坐标)
2025-07-13 19:36:39,286 - INFO - 处理进度: 30/119 (25.2%)
2025-07-13 19:36:39,286 - WARNING - 跳过路线 Ilford -> Gidea Park (缺少坐标)
2025-07-13 19:36:39,287 - WARNING - 跳过路线 Upminster -> Dagenham Heathway (缺少坐标)
2025-07-13 19:36:39,287 - WARNING - 跳过路线 Turnpike Lane -> Oakwood (缺少坐标)
2025-07-13 19:36:39,287 - WARNING - 跳过路线 Brixton LU -> Balham LU (缺少坐标)
2025-07-13 19:36:39,287 - WARNING - 跳过路线 Clapham Junction -> Queens Road Peckham (缺少坐标)
2025-07-13 19:36:39,288 - WARNING - 跳过路线 Notting Hill Gate -> North Acton (缺少坐标)
2025-07-13 19:36:39,288 - WARNING - 跳过路线 Vauxhall LU -> Balham LU (缺少坐标)
2025-07-13 19:36:39,289 - WARNING - 跳过路线 Canary Wharf DLR -> Island Gardens (缺少坐标)
2025-07-13 19:36:39,290 - WARNING - 跳过路线 Waterloo LU -> Battersea Power Station (缺少坐标)
2025-07-13 19:36:39,290 - WARNING - 跳过路线 Maidenhead -> Iver (缺少坐标)
2025-07-13 19:36:39,290 - INFO - 处理进度: 40/119 (33.6%)
2025-07-13 19:36:39,290 - WARNING - 跳过路线 Epping -> Woodford (缺少坐标)
2025-07-13 19:36:39,315 - WARNING - API状态: REQUEST_DENIED, 错误: You’re calling a legacy API, which is not enabled for your project. To get newer features and more functionality, switch to the Places API (New) or Routes API. Learn more: https://developers.google.com/maps/legacy#LegacyApiNotActivatedMapError
2025-07-13 19:36:40,332 - WARNING - API状态: REQUEST_DENIED, 错误: You’re calling a legacy API, which is not enabled for your project. To get newer features and more functionality, switch to the Places API (New) or Routes API. Learn more: https://developers.google.com/maps/legacy#LegacyApiNotActivatedMapError
2025-07-13 19:36:42,358 - WARNING - API状态: REQUEST_DENIED, 错误: You’re calling a legacy API, which is not enabled for your project. To get newer features and more functionality, switch to the Places API (New) or Routes API. Learn more: https://developers.google.com/maps/legacy#LegacyApiNotActivatedMapError
2025-07-13 19:36:42,373 - WARNING - API状态: REQUEST_DENIED, 错误: You’re calling a legacy API, which is not enabled for your project. To get newer features and more functionality, switch to the Places API (New) or Routes API. Learn more: https://developers.google.com/maps/legacy#LegacyApiNotActivatedMapError
2025-07-13 19:36:43,387 - WARNING - API状态: REQUEST_DENIED, 错误: You’re calling a legacy API, which is not enabled for your project. To get newer features and more functionality, switch to the Places API (New) or Routes API. Learn more: https://developers.google.com/maps/legacy#LegacyApiNotActivatedMapError
2025-07-13 19:36:45,405 - WARNING - API状态: REQUEST_DENIED, 错误: You’re calling a legacy API, which is not enabled for your project. To get newer features and more functionality, switch to the Places API (New) or Routes API. Learn more: https://developers.google.com/maps/legacy#LegacyApiNotActivatedMapError
2025-07-13 19:36:45,507 - WARNING - 跳过路线 Brixton LU -> Borough (缺少坐标)
2025-07-13 19:36:45,508 - WARNING - 跳过路线 High Barnet -> East Finchley (缺少坐标)
2025-07-13 19:36:45,525 - WARNING - API状态: REQUEST_DENIED, 错误: You’re calling a legacy API, which is not enabled for your project. To get newer features and more functionality, switch to the Places API (New) or Routes API. Learn more: https://developers.google.com/maps/legacy#LegacyApiNotActivatedMapError
2025-07-13 19:36:46,538 - WARNING - API状态: REQUEST_DENIED, 错误: You’re calling a legacy API, which is not enabled for your project. To get newer features and more functionality, switch to the Places API (New) or Routes API. Learn more: https://developers.google.com/maps/legacy#LegacyApiNotActivatedMapError
2025-07-13 19:36:48,564 - WARNING - API状态: REQUEST_DENIED, 错误: You’re calling a legacy API, which is not enabled for your project. To get newer features and more functionality, switch to the Places API (New) or Routes API. Learn more: https://developers.google.com/maps/legacy#LegacyApiNotActivatedMapError
2025-07-13 19:36:48,588 - WARNING - API状态: REQUEST_DENIED, 错误: You’re calling a legacy API, which is not enabled for your project. To get newer features and more functionality, switch to the Places API (New) or Routes API. Learn more: https://developers.google.com/maps/legacy#LegacyApiNotActivatedMapError
2025-07-13 19:36:49,605 - WARNING - API状态: REQUEST_DENIED, 错误: You’re calling a legacy API, which is not enabled for your project. To get newer features and more functionality, switch to the Places API (New) or Routes API. Learn more: https://developers.google.com/maps/legacy#LegacyApiNotActivatedMapError
2025-07-13 19:36:51,621 - WARNING - API状态: REQUEST_DENIED, 错误: You’re calling a legacy API, which is not enabled for your project. To get newer features and more functionality, switch to the Places API (New) or Routes API. Learn more: https://developers.google.com/maps/legacy#LegacyApiNotActivatedMapError
2025-07-13 19:36:51,736 - WARNING - API状态: REQUEST_DENIED, 错误: You’re calling a legacy API, which is not enabled for your project. To get newer features and more functionality, switch to the Places API (New) or Routes API. Learn more: https://developers.google.com/maps/legacy#LegacyApiNotActivatedMapError
2025-07-13 19:36:52,750 - WARNING - API状态: REQUEST_DENIED, 错误: You’re calling a legacy API, which is not enabled for your project. To get newer features and more functionality, switch to the Places API (New) or Routes API. Learn more: https://developers.google.com/maps/legacy#LegacyApiNotActivatedMapError
2025-07-13 19:36:54,767 - WARNING - API状态: REQUEST_DENIED, 错误: You’re calling a legacy API, which is not enabled for your project. To get newer features and more functionality, switch to the Places API (New) or Routes API. Learn more: https://developers.google.com/maps/legacy#LegacyApiNotActivatedMapError
2025-07-13 19:36:54,785 - WARNING - API状态: REQUEST_DENIED, 错误: You’re calling a legacy API, which is not enabled for your project. To get newer features and more functionality, switch to the Places API (New) or Routes API. Learn more: https://developers.google.com/maps/legacy#LegacyApiNotActivatedMapError
2025-07-13 19:36:55,799 - WARNING - API状态: REQUEST_DENIED, 错误: You’re calling a legacy API, which is not enabled for your project. To get newer features and more functionality, switch to the Places API (New) or Routes API. Learn more: https://developers.google.com/maps/legacy#LegacyApiNotActivatedMapError
2025-07-13 19:36:57,816 - WARNING - API状态: REQUEST_DENIED, 错误: You’re calling a legacy API, which is not enabled for your project. To get newer features and more functionality, switch to the Places API (New) or Routes API. Learn more: https://developers.google.com/maps/legacy#LegacyApiNotActivatedMapError
2025-07-13 19:36:57,917 - WARNING - 跳过路线 Tottenham Court Road -> King's Cross St. Pancras (缺少坐标)
2025-07-13 19:36:57,919 - WARNING - 跳过路线 Ealing Broadway -> West Drayton (缺少坐标)
2025-07-13 19:36:57,919 - WARNING - 跳过路线 Wood Green -> Cockfosters (缺少坐标)
2025-07-13 19:36:57,920 - WARNING - 跳过路线 King's Cross St. Pancras -> Euston Square (缺少坐标)
2025-07-13 19:36:57,921 - INFO - 处理进度: 50/119 (42.0%)
2025-07-13 19:36:57,921 - WARNING - 跳过路线 Stratford -> Gants Hill (缺少坐标)
2025-07-13 19:36:57,947 - WARNING - API状态: REQUEST_DENIED, 错误: You’re calling a legacy API, which is not enabled for your project. To get newer features and more functionality, switch to the Places API (New) or Routes API. Learn more: https://developers.google.com/maps/legacy#LegacyApiNotActivatedMapError
2025-07-13 19:36:58,963 - WARNING - API状态: REQUEST_DENIED, 错误: You’re calling a legacy API, which is not enabled for your project. To get newer features and more functionality, switch to the Places API (New) or Routes API. Learn more: https://developers.google.com/maps/legacy#LegacyApiNotActivatedMapError
2025-07-13 19:37:00,982 - WARNING - API状态: REQUEST_DENIED, 错误: You’re calling a legacy API, which is not enabled for your project. To get newer features and more functionality, switch to the Places API (New) or Routes API. Learn more: https://developers.google.com/maps/legacy#LegacyApiNotActivatedMapError
2025-07-13 19:37:00,997 - WARNING - API状态: REQUEST_DENIED, 错误: You’re calling a legacy API, which is not enabled for your project. To get newer features and more functionality, switch to the Places API (New) or Routes API. Learn more: https://developers.google.com/maps/legacy#LegacyApiNotActivatedMapError
2025-07-13 19:37:02,012 - WARNING - API状态: REQUEST_DENIED, 错误: You’re calling a legacy API, which is not enabled for your project. To get newer features and more functionality, switch to the Places API (New) or Routes API. Learn more: https://developers.google.com/maps/legacy#LegacyApiNotActivatedMapError
2025-07-13 19:37:04,038 - WARNING - API状态: REQUEST_DENIED, 错误: You’re calling a legacy API, which is not enabled for your project. To get newer features and more functionality, switch to the Places API (New) or Routes API. Learn more: https://developers.google.com/maps/legacy#LegacyApiNotActivatedMapError
2025-07-13 19:37:04,139 - WARNING - 跳过路线 Hendon Central -> Chalk Farm (缺少坐标)
2025-07-13 19:37:04,140 - WARNING - 跳过路线 Manor House -> Southgate (缺少坐标)
2025-07-13 19:37:04,153 - WARNING - API状态: REQUEST_DENIED, 错误: You’re calling a legacy API, which is not enabled for your project. To get newer features and more functionality, switch to the Places API (New) or Routes API. Learn more: https://developers.google.com/maps/legacy#LegacyApiNotActivatedMapError
2025-07-13 19:37:05,169 - WARNING - API状态: REQUEST_DENIED, 错误: You’re calling a legacy API, which is not enabled for your project. To get newer features and more functionality, switch to the Places API (New) or Routes API. Learn more: https://developers.google.com/maps/legacy#LegacyApiNotActivatedMapError
2025-07-13 19:37:07,184 - WARNING - API状态: REQUEST_DENIED, 错误: You’re calling a legacy API, which is not enabled for your project. To get newer features and more functionality, switch to the Places API (New) or Routes API. Learn more: https://developers.google.com/maps/legacy#LegacyApiNotActivatedMapError
2025-07-13 19:37:07,197 - WARNING - API状态: REQUEST_DENIED, 错误: You’re calling a legacy API, which is not enabled for your project. To get newer features and more functionality, switch to the Places API (New) or Routes API. Learn more: https://developers.google.com/maps/legacy#LegacyApiNotActivatedMapError
2025-07-13 19:37:08,214 - WARNING - API状态: REQUEST_DENIED, 错误: You’re calling a legacy API, which is not enabled for your project. To get newer features and more functionality, switch to the Places API (New) or Routes API. Learn more: https://developers.google.com/maps/legacy#LegacyApiNotActivatedMapError
2025-07-13 19:37:10,227 - WARNING - API状态: REQUEST_DENIED, 错误: You’re calling a legacy API, which is not enabled for your project. To get newer features and more functionality, switch to the Places API (New) or Routes API. Learn more: https://developers.google.com/maps/legacy#LegacyApiNotActivatedMapError
2025-07-13 19:37:10,329 - WARNING - 跳过路线 Canary Wharf EL -> Abbey Wood (缺少坐标)
2025-07-13 19:37:10,329 - WARNING - 跳过路线 Archway -> Euston LU (缺少坐标)
2025-07-13 19:37:10,343 - WARNING - API状态: REQUEST_DENIED, 错误: You’re calling a legacy API, which is not enabled for your project. To get newer features and more functionality, switch to the Places API (New) or Routes API. Learn more: https://developers.google.com/maps/legacy#LegacyApiNotActivatedMapError
2025-07-13 19:37:11,359 - WARNING - API状态: REQUEST_DENIED, 错误: You’re calling a legacy API, which is not enabled for your project. To get newer features and more functionality, switch to the Places API (New) or Routes API. Learn more: https://developers.google.com/maps/legacy#LegacyApiNotActivatedMapError
2025-07-13 19:37:13,375 - WARNING - API状态: REQUEST_DENIED, 错误: You’re calling a legacy API, which is not enabled for your project. To get newer features and more functionality, switch to the Places API (New) or Routes API. Learn more: https://developers.google.com/maps/legacy#LegacyApiNotActivatedMapError
2025-07-13 19:37:13,389 - WARNING - API状态: REQUEST_DENIED, 错误: You’re calling a legacy API, which is not enabled for your project. To get newer features and more functionality, switch to the Places API (New) or Routes API. Learn more: https://developers.google.com/maps/legacy#LegacyApiNotActivatedMapError
2025-07-13 19:37:14,404 - WARNING - API状态: REQUEST_DENIED, 错误: You’re calling a legacy API, which is not enabled for your project. To get newer features and more functionality, switch to the Places API (New) or Routes API. Learn more: https://developers.google.com/maps/legacy#LegacyApiNotActivatedMapError
2025-07-13 19:37:16,418 - WARNING - API状态: REQUEST_DENIED, 错误: You’re calling a legacy API, which is not enabled for your project. To get newer features and more functionality, switch to the Places API (New) or Routes API. Learn more: https://developers.google.com/maps/legacy#LegacyApiNotActivatedMapError
2025-07-13 19:37:16,519 - WARNING - 跳过路线 King's Cross St. Pancras -> Bank and Monument (缺少坐标)
2025-07-13 19:37:16,520 - WARNING - 跳过路线 Edgware -> Golders Green (缺少坐标)
2025-07-13 19:37:16,520 - INFO - 处理进度: 60/119 (50.4%)
2025-07-13 19:37:16,521 - WARNING - 跳过路线 King's Cross St. Pancras -> Baker Street (缺少坐标)
2025-07-13 19:37:16,522 - WARNING - 跳过路线 Leicester Square -> Green Park (缺少坐标)
2025-07-13 19:37:16,522 - WARNING - 跳过路线 Bounds Green -> Cockfosters (缺少坐标)
2025-07-13 19:37:16,534 - WARNING - API状态: REQUEST_DENIED, 错误: You’re calling a legacy API, which is not enabled for your project. To get newer features and more functionality, switch to the Places API (New) or Routes API. Learn more: https://developers.google.com/maps/legacy#LegacyApiNotActivatedMapError
2025-07-13 19:37:17,551 - WARNING - API状态: REQUEST_DENIED, 错误: You’re calling a legacy API, which is not enabled for your project. To get newer features and more functionality, switch to the Places API (New) or Routes API. Learn more: https://developers.google.com/maps/legacy#LegacyApiNotActivatedMapError
2025-07-13 19:37:19,566 - WARNING - API状态: REQUEST_DENIED, 错误: You’re calling a legacy API, which is not enabled for your project. To get newer features and more functionality, switch to the Places API (New) or Routes API. Learn more: https://developers.google.com/maps/legacy#LegacyApiNotActivatedMapError
2025-07-13 19:37:19,580 - WARNING - API状态: REQUEST_DENIED, 错误: You’re calling a legacy API, which is not enabled for your project. To get newer features and more functionality, switch to the Places API (New) or Routes API. Learn more: https://developers.google.com/maps/legacy#LegacyApiNotActivatedMapError
2025-07-13 19:37:20,596 - WARNING - API状态: REQUEST_DENIED, 错误: You’re calling a legacy API, which is not enabled for your project. To get newer features and more functionality, switch to the Places API (New) or Routes API. Learn more: https://developers.google.com/maps/legacy#LegacyApiNotActivatedMapError
2025-07-13 19:37:22,610 - WARNING - API状态: REQUEST_DENIED, 错误: You’re calling a legacy API, which is not enabled for your project. To get newer features and more functionality, switch to the Places API (New) or Routes API. Learn more: https://developers.google.com/maps/legacy#LegacyApiNotActivatedMapError
2025-07-13 19:37:22,711 - WARNING - 跳过路线 Harold Wood -> Seven Kings (缺少坐标)
2025-07-13 19:37:22,712 - WARNING - 跳过路线 Oxford Circus -> King's Cross St. Pancras (缺少坐标)
2025-07-13 19:37:22,712 - WARNING - 跳过路线 Colliers Wood -> Morden (缺少坐标)
2025-07-13 19:37:22,713 - WARNING - 跳过路线 Gants Hill -> Stratford (缺少坐标)
2025-07-13 19:37:22,714 - WARNING - 跳过路线 Victoria LU -> Stockwell (缺少坐标)
2025-07-13 19:37:22,714 - WARNING - 跳过路线 Elephant & Castle LU -> Clapham Common (缺少坐标)
2025-07-13 19:37:22,714 - INFO - 处理进度: 70/119 (58.8%)
2025-07-13 19:37:22,715 - WARNING - 跳过路线 Heathrow Terminals 123 LU -> Osterley (缺少坐标)
2025-07-13 19:37:22,715 - WARNING - 跳过路线 King's Cross St. Pancras -> Tottenham Court Road (缺少坐标)
2025-07-13 19:37:22,716 - WARNING - 跳过路线 Tottenham Court Road -> St. Paul's (缺少坐标)
2025-07-13 19:37:22,716 - WARNING - 跳过路线 Paddington TfL -> Baker Street (缺少坐标)
2025-07-13 19:37:22,716 - WARNING - 跳过路线 London Bridge LU -> Southwark (缺少坐标)
2025-07-13 19:37:22,717 - WARNING - 跳过路线 London Bridge LU -> Westminster (缺少坐标)
2025-07-13 19:37:22,717 - WARNING - 跳过路线 Liverpool Street LU -> Canada Water (缺少坐标)
2025-07-13 19:37:22,718 - WARNING - 跳过路线 Bank and Monument -> King's Cross St. Pancras (缺少坐标)
2025-07-13 19:37:22,732 - WARNING - API状态: REQUEST_DENIED, 错误: You’re calling a legacy API, which is not enabled for your project. To get newer features and more functionality, switch to the Places API (New) or Routes API. Learn more: https://developers.google.com/maps/legacy#LegacyApiNotActivatedMapError
2025-07-13 19:37:23,750 - WARNING - API状态: REQUEST_DENIED, 错误: You’re calling a legacy API, which is not enabled for your project. To get newer features and more functionality, switch to the Places API (New) or Routes API. Learn more: https://developers.google.com/maps/legacy#LegacyApiNotActivatedMapError
2025-07-13 19:37:25,764 - WARNING - API状态: REQUEST_DENIED, 错误: You’re calling a legacy API, which is not enabled for your project. To get newer features and more functionality, switch to the Places API (New) or Routes API. Learn more: https://developers.google.com/maps/legacy#LegacyApiNotActivatedMapError
2025-07-13 19:37:25,780 - WARNING - API状态: REQUEST_DENIED, 错误: You’re calling a legacy API, which is not enabled for your project. To get newer features and more functionality, switch to the Places API (New) or Routes API. Learn more: https://developers.google.com/maps/legacy#LegacyApiNotActivatedMapError
2025-07-13 19:37:26,796 - WARNING - API状态: REQUEST_DENIED, 错误: You’re calling a legacy API, which is not enabled for your project. To get newer features and more functionality, switch to the Places API (New) or Routes API. Learn more: https://developers.google.com/maps/legacy#LegacyApiNotActivatedMapError
2025-07-13 19:37:28,811 - WARNING - API状态: REQUEST_DENIED, 错误: You’re calling a legacy API, which is not enabled for your project. To get newer features and more functionality, switch to the Places API (New) or Routes API. Learn more: https://developers.google.com/maps/legacy#LegacyApiNotActivatedMapError
2025-07-13 19:37:28,913 - WARNING - 跳过路线 Tottenham Court Road -> Green Park (缺少坐标)
2025-07-13 19:37:28,914 - INFO - 处理进度: 80/119 (67.2%)
2025-07-13 19:37:28,914 - WARNING - 跳过路线 Paddington TfL -> Edgware Road (Bak) (缺少坐标)
2025-07-13 19:37:28,915 - WARNING - 跳过路线 Paddington TfL -> Oxford Circus (缺少坐标)
2025-07-13 19:37:28,915 - WARNING - 跳过路线 Ealing Broadway -> West Ealing (缺少坐标)
2025-07-13 19:37:28,916 - WARNING - 跳过路线 Goodmayes -> Maryland (缺少坐标)
2025-07-13 19:37:28,917 - WARNING - 跳过路线 Victoria LU -> Tottenham Court Road (缺少坐标)
2025-07-13 19:37:28,917 - WARNING - 跳过路线 Wood Lane -> Hammersmith (H&C) (缺少坐标)
2025-07-13 19:37:28,918 - WARNING - 跳过路线 East Finchley -> High Barnet (缺少坐标)
2025-07-13 19:37:28,918 - WARNING - 跳过路线 Tooting Bec -> Morden (缺少坐标)
2025-07-13 19:37:28,919 - WARNING - 跳过路线 Brentwood -> Goodmayes (缺少坐标)
2025-07-13 19:37:28,919 - WARNING - 跳过路线 King's Cross St. Pancras -> Finsbury Park LU (缺少坐标)
2025-07-13 19:37:28,919 - INFO - 处理进度: 90/119 (75.6%)
2025-07-13 19:37:28,920 - WARNING - 跳过路线 Burnt Oak -> Hampstead (缺少坐标)
2025-07-13 19:37:28,920 - WARNING - 跳过路线 Ladbroke Grove -> Hammersmith (H&C) (缺少坐标)
2025-07-13 19:37:28,921 - WARNING - 跳过路线 Golders Green -> Edgware (缺少坐标)
2025-07-13 19:37:28,921 - WARNING - 跳过路线 Victoria LU -> Green Park (缺少坐标)
2025-07-13 19:37:28,922 - WARNING - 跳过路线 Waterloo LU -> Bank and Monument (缺少坐标)
2025-07-13 19:37:28,922 - WARNING - 跳过路线 Woolwich EL -> Abbey Wood (缺少坐标)
2025-07-13 19:37:28,923 - WARNING - 跳过路线 Waterloo LU -> Green Park (缺少坐标)
2025-07-13 19:37:28,923 - WARNING - 跳过路线 Forest Gate -> Chadwell Heath (缺少坐标)
2025-07-13 19:37:28,924 - WARNING - 跳过路线 Enfield Town -> Bruce Grove (缺少坐标)
2025-07-13 19:37:28,924 - WARNING - 跳过路线 Cutty Sark -> Lewisham DLR (缺少坐标)
2025-07-13 19:37:28,925 - INFO - 处理进度: 100/119 (84.0%)
2025-07-13 19:37:28,925 - WARNING - 跳过路线 Maidenhead -> Reading (缺少坐标)
2025-07-13 19:37:28,926 - WARNING - 跳过路线 Gants Hill -> Grange Hill (缺少坐标)
2025-07-13 19:37:28,926 - WARNING - 跳过路线 Chalk Farm -> Hendon Central (缺少坐标)
2025-07-13 19:37:28,926 - WARNING - 跳过路线 East Ham -> North Greenwich (缺少坐标)
2025-07-13 19:37:28,926 - WARNING - 跳过路线 Paddington TfL -> Wood Lane (缺少坐标)
2025-07-13 19:37:28,927 - WARNING - 跳过路线 Tufnell Park -> West Finchley (缺少坐标)
2025-07-13 19:37:28,927 - WARNING - 跳过路线 Archway -> Woodside Park (缺少坐标)
2025-07-13 19:37:28,928 - WARNING - 跳过路线 Goodmayes -> Brentwood (缺少坐标)
2025-07-13 19:37:28,928 - WARNING - 跳过路线 Wembley Park -> Rayners Lane (缺少坐标)
2025-07-13 19:37:28,929 - WARNING - 跳过路线 King's Cross St. Pancras -> Seven Sisters (缺少坐标)
2025-07-13 19:37:28,929 - INFO - 处理进度: 110/119 (92.4%)
2025-07-13 19:37:28,930 - WARNING - 跳过路线 Slough -> Reading (缺少坐标)
2025-07-13 19:37:28,930 - WARNING - 跳过路线 Chadwell Heath -> Shenfield (缺少坐标)
2025-07-13 19:37:28,944 - WARNING - API状态: REQUEST_DENIED, 错误: You’re calling a legacy API, which is not enabled for your project. To get newer features and more functionality, switch to the Places API (New) or Routes API. Learn more: https://developers.google.com/maps/legacy#LegacyApiNotActivatedMapError
2025-07-13 19:37:29,961 - WARNING - API状态: REQUEST_DENIED, 错误: You’re calling a legacy API, which is not enabled for your project. To get newer features and more functionality, switch to the Places API (New) or Routes API. Learn more: https://developers.google.com/maps/legacy#LegacyApiNotActivatedMapError
2025-07-13 19:37:31,977 - WARNING - API状态: REQUEST_DENIED, 错误: You’re calling a legacy API, which is not enabled for your project. To get newer features and more functionality, switch to the Places API (New) or Routes API. Learn more: https://developers.google.com/maps/legacy#LegacyApiNotActivatedMapError
2025-07-13 19:37:31,993 - WARNING - API状态: REQUEST_DENIED, 错误: You’re calling a legacy API, which is not enabled for your project. To get newer features and more functionality, switch to the Places API (New) or Routes API. Learn more: https://developers.google.com/maps/legacy#LegacyApiNotActivatedMapError
2025-07-13 19:37:33,008 - WARNING - API状态: REQUEST_DENIED, 错误: You’re calling a legacy API, which is not enabled for your project. To get newer features and more functionality, switch to the Places API (New) or Routes API. Learn more: https://developers.google.com/maps/legacy#LegacyApiNotActivatedMapError
2025-07-13 19:37:35,022 - WARNING - API状态: REQUEST_DENIED, 错误: You’re calling a legacy API, which is not enabled for your project. To get newer features and more functionality, switch to the Places API (New) or Routes API. Learn more: https://developers.google.com/maps/legacy#LegacyApiNotActivatedMapError
2025-07-13 19:37:35,124 - WARNING - 跳过路线 Southgate -> Manor House (缺少坐标)
2025-07-13 19:37:35,124 - WARNING - 跳过路线 Waterloo LU -> Oxford Circus (缺少坐标)
2025-07-13 19:37:35,125 - WARNING - 跳过路线 Slough -> Southall (缺少坐标)
2025-07-13 19:37:35,126 - WARNING - 跳过路线 Beckton -> Prince Regent (缺少坐标)
2025-07-13 19:37:35,126 - WARNING - 跳过路线 Leytonstone -> Barkingside (缺少坐标)
2025-07-13 19:37:35,126 - WARNING - 跳过路线 Golders Green -> Euston LU (缺少坐标)
2025-07-13 19:37:35,130 - INFO - 主要结果已保存到: frequent_routes_analysis.csv
2025-07-13 19:37:35,133 - INFO - 详细结果已保存到: frequent_routes_analysis_detailed.csv
2025-07-13 19:37:35,134 - INFO - 统计报告已保存到: frequent_routes_analysis_statistics.txt
